# JRE version: OpenJDK Runtime Environment (8.0_252-b09) (build 1.8.0_252-b09)
# Java VM: OpenJDK 64-Bit Server VM (25.252-b09 mixed mode windows-amd64 compressed oops)
Heap:
 PSYoungGen      total 153600K, used 112083K [0x00000000f5580000, 0x0000000100000000, 0x0000000100000000)
  eden space 134656K, 83% used [0x00000000f5580000,0x00000000fc2f4d80,0x00000000fd900000)
  from space 18944K, 0% used [0x00000000fed80000,0x00000000fed80000,0x0000000100000000)
  to   space 19968K, 0% used [0x00000000fd900000,0x00000000fd900000,0x00000000fec80000)
 ParOldGen       total 32256K, used 32241K [0x00000000e0000000, 0x00000000e1f80000, 0x00000000f5580000)
  object space 32256K, 99% used [0x00000000e0000000,0x00000000e1f7c798,0x00000000e1f80000)
 Metaspace       used 13495K, capacity 13660K, committed 13824K, reserved 1060864K
  class space    used 1443K, capacity 1460K, committed 1536K, reserved 1048576K
GC Heap History (10 events):
Event: 3.301 GC heap before
{Heap before GC invocations=9 (full 1):
 PSYoungGen      total 75264K, used 75238K [0x00000000f5580000, 0x00000000fcd00000, 0x0000000100000000)
  eden space 66048K, 100% used [0x00000000f5580000,0x00000000f9600000,0x00000000f9600000)
  from space 9216K, 99% used [0x00000000f9600000,0x00000000f9ef9bf8,0x00000000f9f00000)
  to   space 11264K, 0% used [0x00000000fc200000,0x00000000fc200000,0x00000000fcd00000)
 ParOldGen       total 32256K, used 13004K [0x00000000e0000000, 0x00000000e1f80000, 0x00000000f5580000)
  object space 32256K, 40% used [0x00000000e0000000,0x00000000e0cb32e8,0x00000000e1f80000)
 Metaspace       used 11038K, capacity 11152K, committed 11264K, reserved 1058816K
  class space    used 1160K, capacity 1200K, committed 1280K, reserved 1048576K
Event: 3.315 GC heap after
Heap after GC invocations=9 (full 1):
 PSYoungGen      total 108032K, used 11248K [0x00000000f5580000, 0x00000000fe500000, 0x0000000100000000)
  eden space 96768K, 0% used [0x00000000f5580000,0x00000000f5580000,0x00000000fb400000)
  from space 11264K, 99% used [0x00000000fc200000,0x00000000fccfc2d8,0x00000000fcd00000)
  to   space 14336K, 0% used [0x00000000fb400000,0x00000000fb400000,0x00000000fc200000)
 ParOldGen       total 32256K, used 15571K [0x00000000e0000000, 0x00000000e1f80000, 0x00000000f5580000)
  object space 32256K, 48% used [0x00000000e0000000,0x00000000e0f34e90,0x00000000e1f80000)
 Metaspace       used 11038K, capacity 11152K, committed 11264K, reserved 1058816K
  class space    used 1160K, capacity 1200K, committed 1280K, reserved 1048576K
}
Event: 3.474 GC heap before
{Heap before GC invocations=10 (full 1):
 PSYoungGen      total 108032K, used 108016K [0x00000000f5580000, 0x00000000fe500000, 0x0000000100000000)
  eden space 96768K, 100% used [0x00000000f5580000,0x00000000fb400000,0x00000000fb400000)
  from space 11264K, 99% used [0x00000000fc200000,0x00000000fccfc2d8,0x00000000fcd00000)
  to   space 14336K, 0% used [0x00000000fb400000,0x00000000fb400000,0x00000000fc200000)
 ParOldGen       total 32256K, used 15571K [0x00000000e0000000, 0x00000000e1f80000, 0x00000000f5580000)
  object space 32256K, 48% used [0x00000000e0000000,0x00000000e0f34e90,0x00000000e1f80000)
 Metaspace       used 11038K, capacity 11152K, committed 11264K, reserved 1058816K
  class space    used 1160K, capacity 1200K, committed 1280K, reserved 1048576K
Event: 3.511 GC heap after
Heap after GC invocations=10 (full 1):
 PSYoungGen      total 111104K, used 14320K [0x00000000f5580000, 0x0000000100000000, 0x0000000100000000)
  eden space 96768K, 0% used [0x00000000f5580000,0x00000000f5580000,0x00000000fb400000)
  from space 14336K, 99% used [0x00000000fb400000,0x00000000fc1fc198,0x00000000fc200000)
  to   space 18944K, 0% used [0x00000000fed80000,0x00000000fed80000,0x0000000100000000)
 ParOldGen       total 32256K, used 20864K [0x00000000e0000000, 0x00000000e1f80000, 0x00000000f5580000)
  object space 32256K, 64% used [0x00000000e0000000,0x00000000e14603c0,0x00000000e1f80000)
 Metaspace       used 11038K, capacity 11152K, committed 11264K, reserved 1058816K
  class space    used 1160K, capacity 1200K, committed 1280K, reserved 1048576K
}
Event: 3.996 GC heap before
{Heap before GC invocations=11 (full 1):
 PSYoungGen      total 111104K, used 111085K [0x00000000f5580000, 0x0000000100000000, 0x0000000100000000)
  eden space 96768K, 99% used [0x00000000f5580000,0x00000000fb3ff3a8,0x00000000fb400000)
  from space 14336K, 99% used [0x00000000fb400000,0x00000000fc1fc198,0x00000000fc200000)
  to   space 18944K, 0% used [0x00000000fed80000,0x00000000fed80000,0x0000000100000000)
 ParOldGen       total 32256K, used 20864K [0x00000000e0000000, 0x00000000e1f80000, 0x00000000f5580000)
  object space 32256K, 64% used [0x00000000e0000000,0x00000000e14603c0,0x00000000e1f80000)
 Metaspace       used 11038K, capacity 11152K, committed 11264K, reserved 1058816K
  class space    used 1160K, capacity 1200K, committed 1280K, reserved 1048576K
Event: 4.036 GC heap after
Heap after GC invocations=11 (full 1):
 PSYoungGen      total 153600K, used 13600K [0x00000000f5580000, 0x0000000100000000, 0x0000000100000000)
  eden space 134656K, 0% used [0x00000000f5580000,0x00000000f5580000,0x00000000fd900000)
  from space 18944K, 71% used [0x00000000fed80000,0x00000000ffac8030,0x0000000100000000)
  to   space 19968K, 0% used [0x00000000fd900000,0x00000000fd900000,0x00000000fec80000)
 ParOldGen       total 32256K, used 27573K [0x00000000e0000000, 0x00000000e1f80000, 0x00000000f5580000)
  object space 32256K, 85% used [0x00000000e0000000,0x00000000e1aed400,0x00000000e1f80000)
 Metaspace       used 11038K, capacity 11152K, committed 11264K, reserved 1058816K
  class space    used 1160K, capacity 1200K, committed 1280K, reserved 1048576K
}
Event: 4.036 GC heap before
{Heap before GC invocations=12 (full 2):
 PSYoungGen      total 153600K, used 13600K [0x00000000f5580000, 0x0000000100000000, 0x0000000100000000)
  eden space 134656K, 0% used [0x00000000f5580000,0x00000000f5580000,0x00000000fd900000)
  from space 18944K, 71% used [0x00000000fed80000,0x00000000ffac8030,0x0000000100000000)
  to   space 19968K, 0% used [0x00000000fd900000,0x00000000fd900000,0x00000000fec80000)
 ParOldGen       total 32256K, used 27573K [0x00000000e0000000, 0x00000000e1f80000, 0x00000000f5580000)
  object space 32256K, 85% used [0x00000000e0000000,0x00000000e1aed400,0x00000000e1f80000)
 Metaspace       used 11038K, capacity 11152K, committed 11264K, reserved 1058816K
  class space    used 1160K, capacity 1200K, committed 1280K, reserved 1048576K
Event: 4.125 GC heap after
Heap after GC invocations=12 (full 2):
 PSYoungGen      total 153600K, used 6369K [0x00000000f5580000, 0x0000000100000000, 0x0000000100000000)
  eden space 134656K, 0% used [0x00000000f5580000,0x00000000f5580000,0x00000000fd900000)
  from space 18944K, 33% used [0x00000000fed80000,0x00000000ff3b84b0,0x0000000100000000)
  to   space 19968K, 0% used [0x00000000fd900000,0x00000000fd900000,0x00000000fec80000)
 ParOldGen       total 32256K, used 31861K [0x00000000e0000000, 0x00000000e1f80000, 0x00000000f5580000)
  object space 32256K, 98% used [0x00000000e0000000,0x00000000e1f1d540,0x00000000e1f80000)
 Metaspace       used 11038K, capacity 11152K, committed 11264K, reserved 1058816K
  class space    used 1160K, capacity 1200K, committed 1280K, reserved 1048576K
}
Event: 4.335 GC heap before
{Heap before GC invocations=13 (full 3):
 PSYoungGen      total 153600K, used 141025K [0x00000000f5580000, 0x0000000100000000, 0x0000000100000000)
  eden space 134656K, 100% used [0x00000000f5580000,0x00000000fd900000,0x00000000fd900000)
  from space 18944K, 33% used [0x00000000fed80000,0x00000000ff3b84b0,0x0000000100000000)
  to   space 19968K, 0% used [0x00000000fd900000,0x00000000fd900000,0x00000000fec80000)
 ParOldGen       total 32256K, used 31861K [0x00000000e0000000, 0x00000000e1f80000, 0x00000000f5580000)
  object space 32256K, 98% used [0x00000000e0000000,0x00000000e1f1d540,0x00000000e1f80000)
 Metaspace       used 11038K, capacity 11152K, committed 11264K, reserved 1058816K
  class space    used 1160K, capacity 1200K, committed 1280K, reserved 1048576K
Event: 4.418 GC heap after
Heap after GC invocations=13 (full 3):
 PSYoungGen      total 153600K, used 13824K [0x00000000f5580000, 0x0000000100000000, 0x0000000100000000)
  eden space 134656K, 10% used [0x00000000f5580000,0x00000000f63001b0,0x00000000fd900000)
  from space 18944K, 0% used [0x00000000fed80000,0x00000000fed80000,0x0000000100000000)
  to   space 19968K, 0% used [0x00000000fd900000,0x00000000fd900000,0x00000000fec80000)
 ParOldGen       total 32256K, used 32241K [0x00000000e0000000, 0x00000000e1f80000, 0x00000000f5580000)
  object space 32256K, 99% used [0x00000000e0000000,0x00000000e1f7c798,0x00000000e1f80000)
 Metaspace       used 11038K, capacity 11152K, committed 11264K, reserved 1058816K
  class space    used 1160K, capacity 1200K, committed 1280K, reserved 1048576K
}

